<?xml version="1.0" encoding="UTF-8"?>
<testsuite xmlns:xsi="http://www.w3.org/2001/XMLSchema-instance" xsi:schemaLocation="https://maven.apache.org/surefire/maven-surefire-plugin/xsd/surefire-test-report.xsd" name="org.jboss.narayana.quickstarts.jta.TestCase" time="27.974" tests="4" errors="0" skipped="0" failures="0">
  <properties>
[...]
</properties>
  <testcase name="testTransactionScoped" classname="org.jboss.narayana.quickstarts.jta.TestCase" time="0.312"/>
  <testcase name="testWithoutTransaction" classname="org.jboss.narayana.quickstarts.jta.TestCase" time="0.114"/>
  <testcase name="testRollback" classname="org.jboss.narayana.quickstarts.jta.TestCase" time="5.386"/>
  <testcase name="testCommit" classname="org.jboss.narayana.quickstarts.jta.TestCase" time="0.117"/>
</testsuite>